[debug] [2017-12-05T19:18:00.089Z] ----------------------------------------------------------------------
[debug] [2017-12-05T19:18:00.091Z] Command:       /usr/local/Cellar/node/8.2.1/bin/node /usr/local/bin/firebase deploy --only functions
[debug] [2017-12-05T19:18:00.092Z] CLI Version:   3.15.0
[debug] [2017-12-05T19:18:00.092Z] Platform:      darwin
[debug] [2017-12-05T19:18:00.092Z] Node Version:  v8.2.1
[debug] [2017-12-05T19:18:00.092Z] Time:          Tue Dec 05 2017 19:18:00 GMT+0000 (GMT)
[debug] [2017-12-05T19:18:00.092Z] ----------------------------------------------------------------------
[debug] 
[debug] [2017-12-05T19:18:00.104Z] > command requires scopes: ["email","openid","https://www.googleapis.com/auth/cloudplatformprojects.readonly","https://www.googleapis.com/auth/firebase","https://www.googleapis.com/auth/cloud-platform"]
[debug] [2017-12-05T19:18:00.104Z] > authorizing via signed-in user
[debug] [2017-12-05T19:18:00.106Z] >>> HTTP REQUEST GET https://admin.firebase.com/v1/projects/skutan-82826  
 Tue Dec 05 2017 19:18:00 GMT+0000 (GMT)
[debug] [2017-12-05T19:18:00.980Z] <<< HTTP RESPONSE 200
[debug] [2017-12-05T19:18:00.981Z] >>> HTTP REQUEST GET https://admin.firebase.com/v1/database/skutan-82826/tokens  
 Tue Dec 05 2017 19:18:00 GMT+0000 (GMT)
[debug] [2017-12-05T19:18:01.895Z] <<< HTTP RESPONSE 200
[info] 
[info] === Deploying to 'skutan-82826'...
[info] 
[info] i  deploying functions
[debug] [2017-12-05T19:18:02.777Z] > [functions] package.json contents: {
  "name": "functions",
  "description": "Cloud Functions for Firebase",
  "scripts": {
    "build": "tsc",
    "watch": "tsc --watch",
    "serve": "firebase serve --only functions",
    "shell": "firebase experimental:functions:shell",
    "start": "npm run shell",
    "deploy": "tsc && firebase deploy --only functions",
    "logs": "firebase functions:log"
  },
  "dependencies": {
    "firebase-admin": "~5.4.2",
    "firebase-functions": "^0.7.1"
  },
  "private": true,
  "devDependencies": {
    "typescript": "^2.6.1"
  }
}
[info] i  functions: ensuring necessary APIs are enabled...
[info] i  runtimeconfig: ensuring necessary APIs are enabled...
[debug] [2017-12-05T19:18:02.778Z] >>> HTTP REQUEST GET https://servicemanagement.googleapis.com/v1/services/cloudfunctions.googleapis.com/projectSettings/skutan-82826?view=CONSUMER_VIEW  
 Tue Dec 05 2017 19:18:02 GMT+0000 (GMT)
[debug] [2017-12-05T19:18:02.779Z] >>> HTTP REQUEST GET https://servicemanagement.googleapis.com/v1/services/runtimeconfig.googleapis.com/projectSettings/skutan-82826?view=CONSUMER_VIEW  
 Tue Dec 05 2017 19:18:02 GMT+0000 (GMT)
[debug] [2017-12-05T19:18:03.903Z] <<< HTTP RESPONSE 200
[info] ✔  runtimeconfig: all necessary APIs are enabled
[debug] [2017-12-05T19:18:03.976Z] <<< HTTP RESPONSE 200
[info] ✔  functions: all necessary APIs are enabled
[debug] [2017-12-05T19:18:03.978Z] >>> HTTP REQUEST GET https://appengine.googleapis.com/v1/apps/skutan-82826  
 Tue Dec 05 2017 19:18:03 GMT+0000 (GMT)
[debug] [2017-12-05T19:18:03.978Z] >>> HTTP REQUEST GET https://apikeys.googleapis.com/v1/projects/skutan-82826/apiKeys  
 Tue Dec 05 2017 19:18:03 GMT+0000 (GMT)
[debug] [2017-12-05T19:18:04.917Z] <<< HTTP RESPONSE 200
[debug] [2017-12-05T19:18:05.118Z] <<< HTTP RESPONSE 200
[info] i  functions: preparing functions directory for uploading...
[debug] [2017-12-05T19:18:11.910Z] >>> HTTP REQUEST GET https://runtimeconfig.googleapis.com/v1beta1/projects/skutan-82826/configs  
 Tue Dec 05 2017 19:18:11 GMT+0000 (GMT)
[debug] [2017-12-05T19:18:12.370Z] <<< HTTP RESPONSE 200
[info] i  functions: packaged functions (23.31 KB) for uploading
[debug] [2017-12-05T19:18:15.023Z] >>> HTTP REQUEST GET https://www.googleapis.com/storage/v1/b/staging.skutan-82826.appspot.com  
 Tue Dec 05 2017 19:18:15 GMT+0000 (GMT)
[debug] [2017-12-05T19:18:15.355Z] <<< HTTP RESPONSE 200
[debug] [2017-12-05T19:18:15.356Z] >>> HTTP REQUEST POST https://www.googleapis.com/upload/storage/v1/b/staging.skutan-82826.appspot.com/o?uploadType=media&name=firebase-functions-source ReadStream {
  _readableState: 
   ReadableState {
     objectMode: false,
     highWaterMark: 65536,
     buffer: BufferList { head: [Object], tail: [Object], length: 1 },
     length: 23866,
     pipes: null,
     pipesCount: 0,
     flowing: null,
     ended: true,
     endEmitted: false,
     reading: false,
     sync: false,
     needReadable: false,
     emittedReadable: true,
     readableListening: false,
     resumeScheduled: false,
     destroyed: false,
     defaultEncoding: 'utf8',
     awaitDrain: 0,
     readingMore: false,
     decoder: null,
     encoding: null },
  readable: true,
  domain: null,
  _events: { end: [Function] },
  _eventsCount: 1,
  _maxListeners: undefined,
  path: '/var/folders/tv/6rh2v8095gsc_2l4m6w584gc0000gn/T/firebase-functions-283853Z8sYUfVCyku.zip',
  fd: 19,
  flags: 'r',
  mode: 438,
  start: undefined,
  end: undefined,
  autoClose: true,
  pos: undefined,
  bytesRead: 23866 } 
 Tue Dec 05 2017 19:18:15 GMT+0000 (GMT)
[debug] [2017-12-05T19:18:16.078Z] <<< HTTP RESPONSE 200
[info] ✔  functions: functions folder uploaded successfully
[debug] [2017-12-05T19:18:16.080Z] >>> HTTP REQUEST GET https://cloudfunctions.googleapis.com/v1beta2/projects/skutan-82826/locations/us-central1/functions  
 Tue Dec 05 2017 19:18:16 GMT+0000 (GMT)
[debug] [2017-12-05T19:18:16.743Z] <<< HTTP RESPONSE 200
[info] i  functions: creating function test...
[debug] [2017-12-05T19:18:16.745Z] Trigger is: 
[info] i  functions: updating function onUserCreation...
[debug] [2017-12-05T19:18:16.746Z] Trigger is: 
[info] i  functions: updating function onClaimWrite...
[debug] [2017-12-05T19:18:16.746Z] Trigger is: 
[debug] [2017-12-05T19:18:16.747Z] >>> HTTP REQUEST POST https://cloudfunctions.googleapis.com/v1beta2/projects/skutan-82826/locations/us-central1/functions { sourceArchiveUrl: 'gs://staging.skutan-82826.appspot.com/firebase-functions-source',
  name: 'projects/skutan-82826/locations/us-central1/functions/test',
  entryPoint: 'test',
  labels: { 'deployment-tool': 'cli-firebase' },
  httpsTrigger: {} } 
 Tue Dec 05 2017 19:18:16 GMT+0000 (GMT)
[debug] [2017-12-05T19:18:16.748Z] >>> HTTP REQUEST PUT https://cloudfunctions.googleapis.com/v1beta2/projects/skutan-82826/locations/us-central1/functions/onUserCreation { sourceArchiveUrl: 'gs://staging.skutan-82826.appspot.com/firebase-functions-source',
  name: 'projects/skutan-82826/locations/us-central1/functions/onUserCreation',
  entryPoint: 'onUserCreation',
  timeout: '60s',
  availableMemoryMb: 256,
  labels: { 'deployment-tool': 'cli-firebase' },
  eventTrigger: 
   { resource: 'projects/skutan-82826',
     eventType: 'providers/firebase.auth/eventTypes/user.create' } } 
 Tue Dec 05 2017 19:18:16 GMT+0000 (GMT)
[debug] [2017-12-05T19:18:16.749Z] >>> HTTP REQUEST PUT https://cloudfunctions.googleapis.com/v1beta2/projects/skutan-82826/locations/us-central1/functions/onClaimWrite { sourceArchiveUrl: 'gs://staging.skutan-82826.appspot.com/firebase-functions-source',
  name: 'projects/skutan-82826/locations/us-central1/functions/onClaimWrite',
  entryPoint: 'onClaimWrite',
  timeout: '60s',
  availableMemoryMb: 256,
  labels: { 'deployment-tool': 'cli-firebase' },
  eventTrigger: 
   { resource: 'projects/skutan-82826/databases/(default)/documents/users/{uid}',
     eventType: 'providers/cloud.firestore/eventTypes/document.write' } } 
 Tue Dec 05 2017 19:18:16 GMT+0000 (GMT)
[debug] [2017-12-05T19:18:17.255Z] <<< HTTP RESPONSE 200
[debug] [2017-12-05T19:18:17.270Z] <<< HTTP RESPONSE 200
[debug] [2017-12-05T19:18:17.665Z] <<< HTTP RESPONSE 200
[debug] [2017-12-05T19:18:17.666Z] >>> HTTP REQUEST GET https://cloudfunctions.googleapis.com/v1beta2/projects/skutan-82826/locations/us-central1/functions  
 Tue Dec 05 2017 19:18:17 GMT+0000 (GMT)
[debug] [2017-12-05T19:18:18.068Z] <<< HTTP RESPONSE 200
[debug] [2017-12-05T19:18:18.070Z] >>> HTTP REQUEST GET https://cloudfunctions.googleapis.com/v1beta2/operations/c2t1dGFuLTgyODI2L3VzLWNlbnRyYWwxL3Rlc3QvRjRmQ0k5ZUZZMm8  
 Tue Dec 05 2017 19:18:18 GMT+0000 (GMT)
[debug] [2017-12-05T19:18:18.070Z] >>> HTTP REQUEST GET https://cloudfunctions.googleapis.com/v1beta2/operations/c2t1dGFuLTgyODI2L3VzLWNlbnRyYWwxL29uVXNlckNyZWF0aW9uL3ROR1JjRV9NUXdv  
 Tue Dec 05 2017 19:18:18 GMT+0000 (GMT)
[debug] [2017-12-05T19:18:18.071Z] >>> HTTP REQUEST GET https://cloudfunctions.googleapis.com/v1beta2/operations/c2t1dGFuLTgyODI2L3VzLWNlbnRyYWwxL29uQ2xhaW1Xcml0ZS9kdGpsRFhQUl9kMA  
 Tue Dec 05 2017 19:18:18 GMT+0000 (GMT)
[debug] [2017-12-05T19:18:18.483Z] <<< HTTP RESPONSE 200
[debug] [2017-12-05T19:18:18.485Z] <<< HTTP RESPONSE 200
[debug] [2017-12-05T19:18:18.485Z] <<< HTTP RESPONSE 200
[debug] [2017-12-05T19:18:20.483Z] >>> HTTP REQUEST GET https://cloudfunctions.googleapis.com/v1beta2/operations/c2t1dGFuLTgyODI2L3VzLWNlbnRyYWwxL3Rlc3QvRjRmQ0k5ZUZZMm8  
 Tue Dec 05 2017 19:18:20 GMT+0000 (GMT)
[debug] [2017-12-05T19:18:20.485Z] >>> HTTP REQUEST GET https://cloudfunctions.googleapis.com/v1beta2/operations/c2t1dGFuLTgyODI2L3VzLWNlbnRyYWwxL29uVXNlckNyZWF0aW9uL3ROR1JjRV9NUXdv  
 Tue Dec 05 2017 19:18:20 GMT+0000 (GMT)
[debug] [2017-12-05T19:18:20.486Z] >>> HTTP REQUEST GET https://cloudfunctions.googleapis.com/v1beta2/operations/c2t1dGFuLTgyODI2L3VzLWNlbnRyYWwxL29uQ2xhaW1Xcml0ZS9kdGpsRFhQUl9kMA  
 Tue Dec 05 2017 19:18:20 GMT+0000 (GMT)
[debug] [2017-12-05T19:18:20.832Z] <<< HTTP RESPONSE 200
[debug] [2017-12-05T19:18:20.852Z] <<< HTTP RESPONSE 200
[debug] [2017-12-05T19:18:20.876Z] <<< HTTP RESPONSE 200
[debug] [2017-12-05T19:18:22.834Z] >>> HTTP REQUEST GET https://cloudfunctions.googleapis.com/v1beta2/operations/c2t1dGFuLTgyODI2L3VzLWNlbnRyYWwxL3Rlc3QvRjRmQ0k5ZUZZMm8  
 Tue Dec 05 2017 19:18:22 GMT+0000 (GMT)
[debug] [2017-12-05T19:18:22.857Z] >>> HTTP REQUEST GET https://cloudfunctions.googleapis.com/v1beta2/operations/c2t1dGFuLTgyODI2L3VzLWNlbnRyYWwxL29uQ2xhaW1Xcml0ZS9kdGpsRFhQUl9kMA  
 Tue Dec 05 2017 19:18:22 GMT+0000 (GMT)
[debug] [2017-12-05T19:18:22.881Z] >>> HTTP REQUEST GET https://cloudfunctions.googleapis.com/v1beta2/operations/c2t1dGFuLTgyODI2L3VzLWNlbnRyYWwxL29uVXNlckNyZWF0aW9uL3ROR1JjRV9NUXdv  
 Tue Dec 05 2017 19:18:22 GMT+0000 (GMT)
[debug] [2017-12-05T19:18:23.188Z] <<< HTTP RESPONSE 200
[debug] [2017-12-05T19:18:23.213Z] <<< HTTP RESPONSE 200
[debug] [2017-12-05T19:18:23.264Z] <<< HTTP RESPONSE 200
